2025-12-14 19:29:23 | INFO     | ============================================================
2025-12-14 19:29:23 | INFO     | LEGAL TEXT DECODER - MODEL EVALUATION
2025-12-14 19:29:23 | INFO     | ============================================================
2025-12-14 19:29:23 | INFO     | 
Loading test data...
2025-12-14 19:29:23 | INFO     | Loaded 2591 test samples
2025-12-14 19:29:23 | INFO     | 
Test label distribution:
2025-12-14 19:29:23 | INFO     |   Rating 1: 123 (4.7%)
2025-12-14 19:29:23 | INFO     |   Rating 2: 333 (12.9%)
2025-12-14 19:29:23 | INFO     |   Rating 3: 591 (22.8%)
2025-12-14 19:29:23 | INFO     |   Rating 4: 810 (31.3%)
2025-12-14 19:29:23 | INFO     |   Rating 5: 734 (28.3%)
2025-12-14 19:29:23 | INFO     | 
============================================================
2025-12-14 19:29:23 | INFO     | LOADING MODELS
2025-12-14 19:29:23 | INFO     | ============================================================
2025-12-14 19:29:23 | INFO     | Loading baseline model from C:\Users\user\Documents\GitHub\Legal-Text-Decoder\models\baseline_model.pkl
2025-12-14 19:29:23 | INFO     | Loading xgboost model from C:\Users\user\Documents\GitHub\Legal-Text-Decoder\models\xgboost_model.pkl
2025-12-14 19:29:23 | INFO     | Loading random_forest model from C:\Users\user\Documents\GitHub\Legal-Text-Decoder\models\random_forest_model.pkl
2025-12-14 19:29:23 | INFO     | Loading gradient_boosting model from C:\Users\user\Documents\GitHub\Legal-Text-Decoder\models\gradient_boosting_model.pkl
2025-12-14 19:29:23 | INFO     | 
Loaded 4 models: ['baseline', 'xgboost', 'random_forest', 'gradient_boosting']
2025-12-14 19:29:23 | INFO     | 


2025-12-14 19:29:23 | INFO     | ============================================================
2025-12-14 19:29:23 | INFO     | EVALUATING: Logistic Regression
2025-12-14 19:29:23 | INFO     | ============================================================
2025-12-14 19:29:24 | INFO     | ============================================================
2025-12-14 19:29:24 | INFO     | Logistic Regression - Test Results
2025-12-14 19:29:24 | INFO     | ============================================================
2025-12-14 19:29:24 | INFO     | Accuracy: 0.2420
2025-12-14 19:29:24 | INFO     | F1 Macro: 0.1858
2025-12-14 19:29:24 | INFO     | F1 Weighted: 0.1981
2025-12-14 19:29:24 | INFO     | Precision Macro: 0.2469
2025-12-14 19:29:24 | INFO     | Recall Macro: 0.2263
2025-12-14 19:29:24 | INFO     | MAE: 1.1949
2025-12-14 19:29:24 | INFO     | Cohen's Kappa: 0.0114
2025-12-14 19:29:24 | INFO     | ============================================================
2025-12-14 19:29:24 | INFO     | 
Confusion Matrix:
2025-12-14 19:29:24 | INFO     | 
[[ 15  45   8  55   0]
 [ 21 121  36 155   0]
 [ 12 207  86 283   3]
 [ 21 263 119 398   9]
 [ 17 189 110 411   7]]
2025-12-14 19:29:24 | INFO     | 
Classification Report:
2025-12-14 19:29:24 | INFO     | 
              precision    recall  f1-score   support

           1       0.17      0.12      0.14       123
           2       0.15      0.36      0.21       333
           3       0.24      0.15      0.18       591
           4       0.31      0.49      0.38       810
           5       0.37      0.01      0.02       734

    accuracy                           0.24      2591
   macro avg       0.25      0.23      0.19      2591
weighted avg       0.28      0.24      0.20      2591

2025-12-14 19:29:24 | INFO     | 
============================================================
2025-12-14 19:29:24 | INFO     | PER-SAMPLE ANALYSIS: Logistic Regression
2025-12-14 19:29:24 | INFO     | ============================================================
2025-12-14 19:29:24 | INFO     | 
Total samples: 2591
2025-12-14 19:29:24 | INFO     | Correct predictions: 627 (24.2%)
2025-12-14 19:29:24 | INFO     | Average error: 1.195
2025-12-14 19:29:24 | INFO     | Max error: 4
2025-12-14 19:29:24 | INFO     | 
Error Distribution:
2025-12-14 19:29:24 | INFO     |   Error 0: 627 samples (24.2%)
2025-12-14 19:29:24 | INFO     |   Error 1: 1131 samples (43.7%)
2025-12-14 19:29:24 | INFO     |   Error 2: 551 samples (21.3%)
2025-12-14 19:29:24 | INFO     |   Error 3: 265 samples (10.2%)
2025-12-14 19:29:24 | INFO     |   Error 4: 17 samples (0.7%)
2025-12-14 19:29:24 | INFO     | 
Accuracy by True Label:
2025-12-14 19:29:24 | INFO     |   Label 1: 12.2% (15/123)
2025-12-14 19:29:24 | INFO     |   Label 2: 36.3% (121/333)
2025-12-14 19:29:24 | INFO     |   Label 3: 14.6% (86/591)
2025-12-14 19:29:24 | INFO     |   Label 4: 49.1% (398/810)
2025-12-14 19:29:24 | INFO     |   Label 5: 1.0% (7/734)
2025-12-14 19:29:24 | INFO     | 
Most Common Confusions (True -> Predicted):
2025-12-14 19:29:24 | INFO     |   5 -> 4: 411 times
2025-12-14 19:29:24 | INFO     |   3 -> 4: 283 times
2025-12-14 19:29:24 | INFO     |   4 -> 2: 263 times
2025-12-14 19:29:24 | INFO     |   3 -> 2: 207 times
2025-12-14 19:29:24 | INFO     |   5 -> 2: 189 times
2025-12-14 19:29:24 | INFO     |   2 -> 4: 155 times
2025-12-14 19:29:24 | INFO     |   4 -> 3: 119 times
2025-12-14 19:29:24 | INFO     |   5 -> 3: 110 times
2025-12-14 19:29:24 | INFO     |   1 -> 4: 55 times
2025-12-14 19:29:24 | INFO     |   1 -> 2: 45 times
2025-12-14 19:29:24 | INFO     | 
============================================================
2025-12-14 19:29:24 | INFO     | PER-LABEL METRICS: Logistic Regression
2025-12-14 19:29:24 | INFO     | ============================================================
2025-12-14 19:29:24 | INFO     | 
2025-12-14 19:29:24 | INFO     | Label    Precision    Recall       F1           Support   
2025-12-14 19:29:24 | INFO     | ------------------------------------------------------------
2025-12-14 19:29:24 | INFO     | 1        0.174        0.122        0.144        123       
2025-12-14 19:29:24 | INFO     | 2        0.147        0.363        0.209        333       
2025-12-14 19:29:24 | INFO     | 3        0.240        0.146        0.181        591       
2025-12-14 19:29:24 | INFO     | 4        0.306        0.491        0.377        810       
2025-12-14 19:29:24 | INFO     | 5        0.368        0.010        0.019        734       
2025-12-14 19:29:24 | INFO     | 
2025-12-14 19:29:24 | INFO     | Macro Avg 0.247        0.226        0.186       
2025-12-14 19:29:24 | INFO     | Weighted 0.282        0.242        0.198       
2025-12-14 19:29:24 | INFO     | 
============================================================
2025-12-14 19:29:24 | INFO     | ERROR ANALYSIS BY TRUE LABEL
2025-12-14 19:29:24 | INFO     | ============================================================
2025-12-14 19:29:24 | INFO     | 
True Label = 1 (123 samples):
2025-12-14 19:29:24 | INFO     |   Correct: 15 (12.2%)
2025-12-14 19:29:24 | INFO     |   Avg Error: 1.84
2025-12-14 19:29:24 | INFO     |   Most Common Mistakes:
2025-12-14 19:29:24 | INFO     |     Predicted as 4: 55 times
2025-12-14 19:29:24 | INFO     |     Predicted as 2: 45 times
2025-12-14 19:29:24 | INFO     |     Predicted as 3: 8 times
2025-12-14 19:29:24 | INFO     | 
True Label = 2 (333 samples):
2025-12-14 19:29:24 | INFO     |   Correct: 121 (36.3%)
2025-12-14 19:29:24 | INFO     |   Avg Error: 1.10
2025-12-14 19:29:24 | INFO     |   Most Common Mistakes:
2025-12-14 19:29:24 | INFO     |     Predicted as 4: 155 times
2025-12-14 19:29:24 | INFO     |     Predicted as 3: 36 times
2025-12-14 19:29:24 | INFO     |     Predicted as 1: 21 times
2025-12-14 19:29:24 | INFO     | 
True Label = 3 (591 samples):
2025-12-14 19:29:24 | INFO     |   Correct: 86 (14.6%)
2025-12-14 19:29:24 | INFO     |   Avg Error: 0.88
2025-12-14 19:29:24 | INFO     |   Most Common Mistakes:
2025-12-14 19:29:24 | INFO     |     Predicted as 4: 283 times
2025-12-14 19:29:24 | INFO     |     Predicted as 2: 207 times
2025-12-14 19:29:24 | INFO     |     Predicted as 1: 12 times
2025-12-14 19:29:24 | INFO     | 
True Label = 4 (810 samples):
2025-12-14 19:29:24 | INFO     |   Correct: 398 (49.1%)
2025-12-14 19:29:24 | INFO     |   Avg Error: 0.89
2025-12-14 19:29:24 | INFO     |   Most Common Mistakes:
2025-12-14 19:29:24 | INFO     |     Predicted as 2: 263 times
2025-12-14 19:29:24 | INFO     |     Predicted as 3: 119 times
2025-12-14 19:29:24 | INFO     |     Predicted as 1: 21 times
2025-12-14 19:29:24 | INFO     | 
True Label = 5 (734 samples):
2025-12-14 19:29:24 | INFO     |   Correct: 7 (1.0%)
2025-12-14 19:29:24 | INFO     |   Avg Error: 1.72
2025-12-14 19:29:24 | INFO     |   Most Common Mistakes:
2025-12-14 19:29:24 | INFO     |     Predicted as 4: 411 times
2025-12-14 19:29:24 | INFO     |     Predicted as 2: 189 times
2025-12-14 19:29:24 | INFO     |     Predicted as 3: 110 times
2025-12-14 19:29:24 | INFO     | 
============================================================
2025-12-14 19:29:24 | INFO     | TOP 10 HARDEST SAMPLES (Largest Errors)
2025-12-14 19:29:24 | INFO     | ============================================================
2025-12-14 19:29:24 | INFO     | 101. True=5, Pred=1, Error=4, Conf: 0.263 | Jelen Fogyasztói ÁSZF csak a fogyasztónak minősülő vásárlókra vonatkozik. Fogyas...
2025-12-14 19:29:24 | INFO     | 154. True=5, Pred=1, Error=4, Conf: 0.235 | Ha a Vásárló fogyasztónak minősül, megilleti az elállás joga a távollevők között...
2025-12-14 19:29:24 | INFO     | 293. True=5, Pred=1, Error=4, Conf: 0.267 | II. Általános rendelkezések
2025-12-14 19:29:24 | INFO     | 338. True=5, Pred=1, Error=4, Conf: 0.267 | 1. Általános rendelkezések, ÁSZF hatálya
2025-12-14 19:29:24 | INFO     | 453. True=5, Pred=1, Error=4, Conf: 0.247 | Általános Szerződési Feltételek Törzsrész
2025-12-14 19:29:24 | INFO     | 461. True=5, Pred=1, Error=4, Conf: 0.247 | 1.4. Az általános szerződési feltételek alkalmazása
2025-12-14 19:29:24 | INFO     | 463. True=5, Pred=1, Error=4, Conf: 0.274 | Az ÁSZF két részből áll: Törzsrész: az egyes Előfizetői szolgáltatásokra vonatko...
2025-12-14 19:29:24 | INFO     | 502. True=5, Pred=1, Error=4, Conf: 0.271 | Igénylő: Előfizetői szerződés megkötésére vonatkozó Igény bejelentője.
2025-12-14 19:29:24 | INFO     | 541. True=5, Pred=1, Error=4, Conf: 0.253 | p) Az előfizetői névjegyzékre vonatkozó nyilatkozat megadásának, módosításának, ...
2025-12-14 19:29:24 | INFO     | 544. True=5, Pred=1, Error=4, Conf: 0.392 | 1.8. A Korm. rendelet szerinti előzetes tájékoztatás
2025-12-14 19:29:24 | INFO     | 
============================================================
2025-12-14 19:29:24 | INFO     | TOP 5 CONFIDENT MISTAKES (High Confidence, Wrong)
2025-12-14 19:29:24 | INFO     | ============================================================
2025-12-14 19:29:24 | INFO     | 1093. True=3, Pred=1, Conf=0.540 | Törzsrész: az egyes Előfizetői szolgáltatásokra vonatkozó általános jellegű rend...
2025-12-14 19:29:24 | INFO     | 544. True=5, Pred=1, Conf=0.392 | 1.8. A Korm. rendelet szerinti előzetes tájékoztatás
2025-12-14 19:29:24 | INFO     | 57. True=5, Pred=4, Conf=0.357 | 3.10 A Bank nem vállal felelősséget a szolgáltatások nyújtása során felmerült te...
2025-12-14 19:29:24 | INFO     | 861. True=5, Pred=4, Conf=0.357 | 3.10 A Bank nem vállal felelősséget a szolgáltatások nyújtása során felmerült te...
2025-12-14 19:29:24 | INFO     | 1231. True=5, Pred=4, Conf=0.357 | 3.10 A Bank nem vállal felelősséget a szolgáltatások nyújtása során felmerült te...
2025-12-14 19:29:24 | INFO     | 


2025-12-14 19:29:24 | INFO     | ============================================================
2025-12-14 19:29:24 | INFO     | EVALUATING: XGBoost
2025-12-14 19:29:24 | INFO     | ============================================================
2025-12-14 19:29:24 | INFO     | ============================================================
2025-12-14 19:29:24 | INFO     | XGBoost - Test Results
2025-12-14 19:29:24 | INFO     | ============================================================
2025-12-14 19:29:24 | INFO     | Accuracy: 0.3088
2025-12-14 19:29:24 | INFO     | F1 Macro: 0.1109
2025-12-14 19:29:24 | INFO     | F1 Weighted: 0.1589
2025-12-14 19:29:24 | INFO     | Precision Macro: 0.1276
2025-12-14 19:29:24 | INFO     | Recall Macro: 0.2030
2025-12-14 19:29:24 | INFO     | MAE: 0.9078
2025-12-14 19:29:24 | INFO     | Cohen's Kappa: 0.0020
2025-12-14 19:29:24 | INFO     | ============================================================
2025-12-14 19:29:24 | INFO     | 
Confusion Matrix:
2025-12-14 19:29:24 | INFO     | 
[[  0   8   7 108   0]
 [  0  15   6 312   0]
 [  0  18   2 571   0]
 [  0  22   5 783   0]
 [  0   1   2 731   0]]
2025-12-14 19:29:24 | INFO     | 
Classification Report:
2025-12-14 19:29:24 | INFO     | 
              precision    recall  f1-score   support

           1       0.00      0.00      0.00       123
           2       0.23      0.05      0.08       333
           3       0.09      0.00      0.01       591
           4       0.31      0.97      0.47       810
           5       0.00      0.00      0.00       734

    accuracy                           0.31      2591
   macro avg       0.13      0.20      0.11      2591
weighted avg       0.15      0.31      0.16      2591

2025-12-14 19:29:24 | INFO     | 
============================================================
2025-12-14 19:29:24 | INFO     | PER-SAMPLE ANALYSIS: XGBoost
2025-12-14 19:29:24 | INFO     | ============================================================
2025-12-14 19:29:24 | INFO     | 
Total samples: 2591
2025-12-14 19:29:24 | INFO     | Correct predictions: 800 (30.9%)
2025-12-14 19:29:24 | INFO     | Average error: 0.908
2025-12-14 19:29:24 | INFO     | Max error: 3
2025-12-14 19:29:24 | INFO     | 
Error Distribution:
2025-12-14 19:29:24 | INFO     |   Error 0: 800 samples (30.9%)
2025-12-14 19:29:24 | INFO     |   Error 1: 1339 samples (51.7%)
2025-12-14 19:29:24 | INFO     |   Error 2: 343 samples (13.2%)
2025-12-14 19:29:24 | INFO     |   Error 3: 109 samples (4.2%)
2025-12-14 19:29:24 | INFO     | 
Accuracy by True Label:
2025-12-14 19:29:24 | INFO     |   Label 1: 0.0% (0/123)
2025-12-14 19:29:24 | INFO     |   Label 2: 4.5% (15/333)
2025-12-14 19:29:24 | INFO     |   Label 3: 0.3% (2/591)
2025-12-14 19:29:24 | INFO     |   Label 4: 96.7% (783/810)
2025-12-14 19:29:24 | INFO     |   Label 5: 0.0% (0/734)
2025-12-14 19:29:24 | INFO     | 
Most Common Confusions (True -> Predicted):
2025-12-14 19:29:24 | INFO     |   5 -> 4: 731 times
2025-12-14 19:29:24 | INFO     |   3 -> 4: 571 times
2025-12-14 19:29:24 | INFO     |   2 -> 4: 312 times
2025-12-14 19:29:24 | INFO     |   1 -> 4: 108 times
2025-12-14 19:29:24 | INFO     |   4 -> 2: 22 times
2025-12-14 19:29:24 | INFO     |   3 -> 2: 18 times
2025-12-14 19:29:24 | INFO     |   1 -> 2: 8 times
2025-12-14 19:29:24 | INFO     |   1 -> 3: 7 times
2025-12-14 19:29:24 | INFO     |   2 -> 3: 6 times
2025-12-14 19:29:24 | INFO     |   4 -> 3: 5 times
2025-12-14 19:29:24 | INFO     | 
============================================================
2025-12-14 19:29:24 | INFO     | PER-LABEL METRICS: XGBoost
2025-12-14 19:29:24 | INFO     | ============================================================
2025-12-14 19:29:24 | INFO     | 
2025-12-14 19:29:24 | INFO     | Label    Precision    Recall       F1           Support   
2025-12-14 19:29:24 | INFO     | ------------------------------------------------------------
2025-12-14 19:29:24 | INFO     | 1        0.000        0.000        0.000        123       
2025-12-14 19:29:24 | INFO     | 2        0.234        0.045        0.076        333       
2025-12-14 19:29:24 | INFO     | 3        0.091        0.003        0.007        591       
2025-12-14 19:29:24 | INFO     | 4        0.313        0.967        0.472        810       
2025-12-14 19:29:24 | INFO     | 5        0.000        0.000        0.000        734       
2025-12-14 19:29:24 | INFO     | 
2025-12-14 19:29:24 | INFO     | Macro Avg 0.128        0.203        0.111       
2025-12-14 19:29:24 | INFO     | Weighted 0.149        0.309        0.159       
2025-12-14 19:29:24 | INFO     | 
============================================================
2025-12-14 19:29:24 | INFO     | ERROR ANALYSIS BY TRUE LABEL
2025-12-14 19:29:24 | INFO     | ============================================================
2025-12-14 19:29:24 | INFO     | 
True Label = 1 (123 samples):
2025-12-14 19:29:24 | INFO     |   Correct: 0 (0.0%)
2025-12-14 19:29:24 | INFO     |   Avg Error: 2.81
2025-12-14 19:29:24 | INFO     |   Most Common Mistakes:
2025-12-14 19:29:24 | INFO     |     Predicted as 4: 108 times
2025-12-14 19:29:24 | INFO     |     Predicted as 2: 8 times
2025-12-14 19:29:24 | INFO     |     Predicted as 3: 7 times
2025-12-14 19:29:24 | INFO     | 
True Label = 2 (333 samples):
2025-12-14 19:29:24 | INFO     |   Correct: 15 (4.5%)
2025-12-14 19:29:24 | INFO     |   Avg Error: 1.89
2025-12-14 19:29:24 | INFO     |   Most Common Mistakes:
2025-12-14 19:29:24 | INFO     |     Predicted as 4: 312 times
2025-12-14 19:29:24 | INFO     |     Predicted as 3: 6 times
2025-12-14 19:29:24 | INFO     | 
True Label = 3 (591 samples):
2025-12-14 19:29:24 | INFO     |   Correct: 2 (0.3%)
2025-12-14 19:29:24 | INFO     |   Avg Error: 1.00
2025-12-14 19:29:24 | INFO     |   Most Common Mistakes:
2025-12-14 19:29:24 | INFO     |     Predicted as 4: 571 times
2025-12-14 19:29:24 | INFO     |     Predicted as 2: 18 times
2025-12-14 19:29:24 | INFO     | 
True Label = 4 (810 samples):
2025-12-14 19:29:24 | INFO     |   Correct: 783 (96.7%)
2025-12-14 19:29:24 | INFO     |   Avg Error: 0.06
2025-12-14 19:29:24 | INFO     |   Most Common Mistakes:
2025-12-14 19:29:24 | INFO     |     Predicted as 2: 22 times
2025-12-14 19:29:24 | INFO     |     Predicted as 3: 5 times
2025-12-14 19:29:24 | INFO     | 
True Label = 5 (734 samples):
2025-12-14 19:29:24 | INFO     |   Correct: 0 (0.0%)
2025-12-14 19:29:24 | INFO     |   Avg Error: 1.01
2025-12-14 19:29:24 | INFO     |   Most Common Mistakes:
2025-12-14 19:29:24 | INFO     |     Predicted as 4: 731 times
2025-12-14 19:29:24 | INFO     |     Predicted as 3: 2 times
2025-12-14 19:29:24 | INFO     |     Predicted as 2: 1 times
2025-12-14 19:29:24 | INFO     | 
============================================================
2025-12-14 19:29:24 | INFO     | TOP 10 HARDEST SAMPLES (Largest Errors)
2025-12-14 19:29:24 | INFO     | ============================================================
2025-12-14 19:29:24 | INFO     | 14. True=1, Pred=4, Error=3, Conf: 0.619 | 8. Az OTP Bank Nyrt. nem Magyarország területén, illetve nem Magyarország joghat...
2025-12-14 19:29:24 | INFO     | 67. True=1, Pred=4, Error=3, Conf: 0.477 | 8. Az OTP Bank Nyrt. a nem Magyarország területén, és nem Magyarország joghatósá...
2025-12-14 19:29:24 | INFO     | 68. True=1, Pred=4, Error=3, Conf: 0.499 | 13. A pénzügyi és egyéb szolgáltatók azonosítási feladatához kapcsolódó adatszol...
2025-12-14 19:29:24 | INFO     | 97. True=1, Pred=4, Error=3, Conf: 0.425 | 12. A XII. 10. a) és c) pontjától eltérően az OBA által nyújtott biztosítás kite...
2025-12-14 19:29:24 | INFO     | 313. True=1, Pred=4, Error=3, Conf: 0.390 | 1.3.7. A emag.hu weboldalt a magyar székhelyű eMAG Magyarország Kft. gazdasági t...
2025-12-14 19:29:24 | INFO     | 314. True=1, Pred=4, Error=3, Conf: 0.439 | 1.3.8. Az Eladó  a Vásárló egyidejű értesítése mellett jogkövetkezmények nélkül ...
2025-12-14 19:29:24 | INFO     | 317. True=1, Pred=4, Error=3, Conf: 0.616 | 1.3.10. A megrendelés elektronikus úton megkötött szerződésnek minősül, amelyre ...
2025-12-14 19:29:24 | INFO     | 319. True=1, Pred=4, Error=3, Conf: 0.422 | 1.3.12. A Weboldalon megrendelést leadó ÜgyfélVásárló tudomásul veszi, hogy a We...
2025-12-14 19:29:24 | INFO     | 322. True=1, Pred=4, Error=3, Conf: 0.498 | 5.2. A vásárlónak jogában áll eldönteni, hogy a megrendelését, az elérhető fizet...
2025-12-14 19:29:24 | INFO     | 330. True=1, Pred=4, Error=3, Conf: 0.347 | 5.9.1.1. Bármikor aktiválható a Payment by 1 click (Fizetés 1 kattintással) fize...
2025-12-14 19:29:24 | INFO     | 
============================================================
2025-12-14 19:29:24 | INFO     | TOP 5 CONFIDENT MISTAKES (High Confidence, Wrong)
2025-12-14 19:29:24 | INFO     | ============================================================
2025-12-14 19:29:24 | INFO     | 112. True=2, Pred=4, Conf=0.735 | Felek között létrejött szerződés nem minősül írásbeli szerződésnek, azt az Alza ...
2025-12-14 19:29:24 | INFO     | 651. True=3, Pred=4, Conf=0.712 | 3.14 Az Ügyfél köteles az általa adott megbízások szükséges fedezetének a teljes...
2025-12-14 19:29:24 | INFO     | 865. True=3, Pred=4, Conf=0.712 | 3.14 Az Ügyfél köteles az általa adott megbízások szükséges fedezetének a teljes...
2025-12-14 19:29:24 | INFO     | 997. True=1, Pred=4, Conf=0.712 | 3.14 Az Ügyfél köteles az általa adott megbízások szükséges fedezetének a teljes...
2025-12-14 19:29:24 | INFO     | 1235. True=3, Pred=4, Conf=0.712 | 3.14 Az Ügyfél köteles az általa adott megbízások szükséges fedezetének a teljes...
2025-12-14 19:29:24 | INFO     | 


2025-12-14 19:29:24 | INFO     | ============================================================
2025-12-14 19:29:24 | INFO     | EVALUATING: Random Forest
2025-12-14 19:29:24 | INFO     | ============================================================
2025-12-14 19:29:24 | INFO     | ============================================================
2025-12-14 19:29:24 | INFO     | Random Forest - Test Results
2025-12-14 19:29:24 | INFO     | ============================================================
2025-12-14 19:29:24 | INFO     | Accuracy: 0.2771
2025-12-14 19:29:24 | INFO     | F1 Macro: 0.1668
2025-12-14 19:29:24 | INFO     | F1 Weighted: 0.1933
2025-12-14 19:29:24 | INFO     | Precision Macro: 0.2076
2025-12-14 19:29:24 | INFO     | Recall Macro: 0.2247
2025-12-14 19:29:24 | INFO     | MAE: 1.0810
2025-12-14 19:29:24 | INFO     | Cohen's Kappa: 0.0115
2025-12-14 19:29:24 | INFO     | ============================================================
2025-12-14 19:29:24 | INFO     | 
Confusion Matrix:
2025-12-14 19:29:24 | INFO     | 
[[ 21  12   0  80  10]
 [ 61  47   7 189  29]
 [ 65  61  14 397  54]
 [ 66  59  18 613  54]
 [ 50   7  17 637  23]]
2025-12-14 19:29:24 | INFO     | 
Classification Report:
2025-12-14 19:29:24 | INFO     | 
              precision    recall  f1-score   support

           1       0.08      0.17      0.11       123
           2       0.25      0.14      0.18       333
           3       0.25      0.02      0.04       591
           4       0.32      0.76      0.45       810
           5       0.14      0.03      0.05       734

    accuracy                           0.28      2591
   macro avg       0.21      0.22      0.17      2591
weighted avg       0.23      0.28      0.19      2591

2025-12-14 19:29:24 | INFO     | 
============================================================
2025-12-14 19:29:24 | INFO     | PER-SAMPLE ANALYSIS: Random Forest
2025-12-14 19:29:24 | INFO     | ============================================================
2025-12-14 19:29:24 | INFO     | 
Total samples: 2591
2025-12-14 19:29:24 | INFO     | Correct predictions: 718 (27.7%)
2025-12-14 19:29:24 | INFO     | Average error: 1.081
2025-12-14 19:29:24 | INFO     | Max error: 4
2025-12-14 19:29:24 | INFO     | 
Error Distribution:
2025-12-14 19:29:24 | INFO     |   Error 0: 718 samples (27.7%)
2025-12-14 19:29:24 | INFO     |   Error 1: 1247 samples (48.1%)
2025-12-14 19:29:24 | INFO     |   Error 2: 384 samples (14.8%)
2025-12-14 19:29:24 | INFO     |   Error 3: 182 samples (7.0%)
2025-12-14 19:29:24 | INFO     |   Error 4: 60 samples (2.3%)
2025-12-14 19:29:24 | INFO     | 
Accuracy by True Label:
2025-12-14 19:29:24 | INFO     |   Label 1: 17.1% (21/123)
2025-12-14 19:29:24 | INFO     |   Label 2: 14.1% (47/333)
2025-12-14 19:29:24 | INFO     |   Label 3: 2.4% (14/591)
2025-12-14 19:29:24 | INFO     |   Label 4: 75.7% (613/810)
2025-12-14 19:29:24 | INFO     |   Label 5: 3.1% (23/734)
2025-12-14 19:29:24 | INFO     | 
Most Common Confusions (True -> Predicted):
2025-12-14 19:29:24 | INFO     |   5 -> 4: 637 times
2025-12-14 19:29:24 | INFO     |   3 -> 4: 397 times
2025-12-14 19:29:24 | INFO     |   2 -> 4: 189 times
2025-12-14 19:29:24 | INFO     |   1 -> 4: 80 times
2025-12-14 19:29:24 | INFO     |   4 -> 1: 66 times
2025-12-14 19:29:24 | INFO     |   3 -> 1: 65 times
2025-12-14 19:29:24 | INFO     |   2 -> 1: 61 times
2025-12-14 19:29:24 | INFO     |   3 -> 2: 61 times
2025-12-14 19:29:24 | INFO     |   4 -> 2: 59 times
2025-12-14 19:29:24 | INFO     |   3 -> 5: 54 times
2025-12-14 19:29:24 | INFO     | 
============================================================
2025-12-14 19:29:24 | INFO     | PER-LABEL METRICS: Random Forest
2025-12-14 19:29:24 | INFO     | ============================================================
2025-12-14 19:29:24 | INFO     | 
2025-12-14 19:29:24 | INFO     | Label    Precision    Recall       F1           Support   
2025-12-14 19:29:24 | INFO     | ------------------------------------------------------------
2025-12-14 19:29:24 | INFO     | 1        0.080        0.171        0.109        123       
2025-12-14 19:29:24 | INFO     | 2        0.253        0.141        0.181        333       
2025-12-14 19:29:24 | INFO     | 3        0.250        0.024        0.043        591       
2025-12-14 19:29:24 | INFO     | 4        0.320        0.757        0.450        810       
2025-12-14 19:29:24 | INFO     | 5        0.135        0.031        0.051        734       
2025-12-14 19:29:24 | INFO     | 
2025-12-14 19:29:24 | INFO     | Macro Avg 0.208        0.225        0.167       
2025-12-14 19:29:24 | INFO     | Weighted 0.232        0.277        0.193       
2025-12-14 19:29:24 | INFO     | 
============================================================
2025-12-14 19:29:24 | INFO     | ERROR ANALYSIS BY TRUE LABEL
2025-12-14 19:29:24 | INFO     | ============================================================
2025-12-14 19:29:24 | INFO     | 
True Label = 1 (123 samples):
2025-12-14 19:29:24 | INFO     |   Correct: 21 (17.1%)
2025-12-14 19:29:24 | INFO     |   Avg Error: 2.37
2025-12-14 19:29:24 | INFO     |   Most Common Mistakes:
2025-12-14 19:29:24 | INFO     |     Predicted as 4: 80 times
2025-12-14 19:29:24 | INFO     |     Predicted as 2: 12 times
2025-12-14 19:29:24 | INFO     |     Predicted as 5: 10 times
2025-12-14 19:29:24 | INFO     | 
True Label = 2 (333 samples):
2025-12-14 19:29:24 | INFO     |   Correct: 47 (14.1%)
2025-12-14 19:29:24 | INFO     |   Avg Error: 1.60
2025-12-14 19:29:24 | INFO     |   Most Common Mistakes:
2025-12-14 19:29:24 | INFO     |     Predicted as 4: 189 times
2025-12-14 19:29:24 | INFO     |     Predicted as 1: 61 times
2025-12-14 19:29:24 | INFO     |     Predicted as 5: 29 times
2025-12-14 19:29:24 | INFO     | 
True Label = 3 (591 samples):
2025-12-14 19:29:24 | INFO     |   Correct: 14 (2.4%)
2025-12-14 19:29:24 | INFO     |   Avg Error: 1.18
2025-12-14 19:29:24 | INFO     |   Most Common Mistakes:
2025-12-14 19:29:24 | INFO     |     Predicted as 4: 397 times
2025-12-14 19:29:24 | INFO     |     Predicted as 1: 65 times
2025-12-14 19:29:24 | INFO     |     Predicted as 2: 61 times
2025-12-14 19:29:24 | INFO     | 
True Label = 4 (810 samples):
2025-12-14 19:29:24 | INFO     |   Correct: 613 (75.7%)
2025-12-14 19:29:24 | INFO     |   Avg Error: 0.48
2025-12-14 19:29:24 | INFO     |   Most Common Mistakes:
2025-12-14 19:29:24 | INFO     |     Predicted as 1: 66 times
2025-12-14 19:29:24 | INFO     |     Predicted as 2: 59 times
2025-12-14 19:29:24 | INFO     |     Predicted as 5: 54 times
2025-12-14 19:29:24 | INFO     | 
True Label = 5 (734 samples):
2025-12-14 19:29:24 | INFO     |   Correct: 23 (3.1%)
2025-12-14 19:29:24 | INFO     |   Avg Error: 1.22
2025-12-14 19:29:24 | INFO     |   Most Common Mistakes:
2025-12-14 19:29:24 | INFO     |     Predicted as 4: 637 times
2025-12-14 19:29:24 | INFO     |     Predicted as 1: 50 times
2025-12-14 19:29:24 | INFO     |     Predicted as 3: 17 times
2025-12-14 19:29:24 | INFO     | 
============================================================
2025-12-14 19:29:24 | INFO     | TOP 10 HARDEST SAMPLES (Largest Errors)
2025-12-14 19:29:24 | INFO     | ============================================================
2025-12-14 19:29:24 | INFO     | 33. True=5, Pred=1, Error=4, Conf: 0.254 | Nyilvános helyen történő üzemeltetés: Bármely a banki, illetőleg az otthoni szám...
2025-12-14 19:29:24 | INFO     | 145. True=5, Pred=1, Error=4, Conf: 0.259 | A Vásárló a Vásárlás gombra történő kattintással kötelező érvényű és annak MMM á...
2025-12-14 19:29:24 | INFO     | 185. True=5, Pred=1, Error=4, Conf: 0.265 | Sikeres tranzakció esetén Szolgáltató az egyes elfogadási módozatokra vonatkozó ...
2025-12-14 19:29:24 | INFO     | 288. True=5, Pred=1, Error=4, Conf: 0.254 | Nyilvános helyen történő üzemeltetés: Bármely a banki, illetőleg az otthoni szám...
2025-12-14 19:29:24 | INFO     | 290. True=5, Pred=1, Error=4, Conf: 0.239 | PIN kód (Personal Identification Number): Az a szigorú biztonsági előírások mell...
2025-12-14 19:29:24 | INFO     | 407. True=1, Pred=5, Error=4, Conf: 0.222 | Az Előfizetői Szerződés jelenlévők között üzlethelyiségben a Szolgáltató által f...
2025-12-14 19:29:24 | INFO     | 408. True=1, Pred=5, Error=4, Conf: 0.206 | Szolgáltató rögzíti, egyúttal tájékoztatja az Előfizetőt, hogy az APN-t (Access ...
2025-12-14 19:29:24 | INFO     | 463. True=5, Pred=1, Error=4, Conf: 0.300 | Az ÁSZF két részből áll: Törzsrész: az egyes Előfizetői szolgáltatásokra vonatko...
2025-12-14 19:29:24 | INFO     | 502. True=5, Pred=1, Error=4, Conf: 0.301 | Igénylő: Előfizetői szerződés megkötésére vonatkozó Igény bejelentője.
2025-12-14 19:29:24 | INFO     | 521. True=5, Pred=1, Error=4, Conf: 0.240 | Telekom számla: Telekom mobil és -otthoni szolgáltatásokra vonatkozó közös száml...
2025-12-14 19:29:24 | INFO     | 
============================================================
2025-12-14 19:29:24 | INFO     | TOP 5 CONFIDENT MISTAKES (High Confidence, Wrong)
2025-12-14 19:29:24 | INFO     | ============================================================
2025-12-14 19:29:24 | INFO     | 1093. True=3, Pred=1, Conf=0.362 | Törzsrész: az egyes Előfizetői szolgáltatásokra vonatkozó általános jellegű rend...
2025-12-14 19:29:24 | INFO     | 135. True=3, Pred=4, Conf=0.308 | A Media Markt Webáruházban vendégként történő vásárlás során a rendelés jóváhagy...
2025-12-14 19:29:24 | INFO     | 1108. True=3, Pred=2, Conf=0.302 | Már kiépített hálózat esetében, ha a Szolgáltatás létesítésének vagy nyújtásának...
2025-12-14 19:29:24 | INFO     | 502. True=5, Pred=1, Conf=0.301 | Igénylő: Előfizetői szerződés megkötésére vonatkozó Igény bejelentője.
2025-12-14 19:29:24 | INFO     | 756. True=3, Pred=4, Conf=0.301 | Bankkártyás fizetés esetén a vásárlás minden esetben forintban történik, a vétel...
2025-12-14 19:29:24 | INFO     | 


2025-12-14 19:29:24 | INFO     | ============================================================
2025-12-14 19:29:24 | INFO     | EVALUATING: Gradient Boosting
2025-12-14 19:29:24 | INFO     | ============================================================
2025-12-14 19:29:25 | INFO     | ============================================================
2025-12-14 19:29:25 | INFO     | Gradient Boosting - Test Results
2025-12-14 19:29:25 | INFO     | ============================================================
2025-12-14 19:29:25 | INFO     | Accuracy: 0.2532
2025-12-14 19:29:25 | INFO     | F1 Macro: 0.1706
2025-12-14 19:29:25 | INFO     | F1 Weighted: 0.2045
2025-12-14 19:29:25 | INFO     | Precision Macro: 0.2589
2025-12-14 19:29:25 | INFO     | Recall Macro: 0.2076
2025-12-14 19:29:25 | INFO     | MAE: 1.1169
2025-12-14 19:29:25 | INFO     | Cohen's Kappa: -0.0001
2025-12-14 19:29:25 | INFO     | ============================================================
2025-12-14 19:29:25 | INFO     | 
Confusion Matrix:
2025-12-14 19:29:25 | INFO     | 
[[  2  44  11  66   0]
 [  1  95  47 188   2]
 [  1 144  97 334  15]
 [  2 231 107 446  24]
 [  1 151  68 498  16]]
2025-12-14 19:29:25 | INFO     | 
Classification Report:
2025-12-14 19:29:25 | INFO     | 
              precision    recall  f1-score   support

           1       0.29      0.02      0.03       123
           2       0.14      0.29      0.19       333
           3       0.29      0.16      0.21       591
           4       0.29      0.55      0.38       810
           5       0.28      0.02      0.04       734

    accuracy                           0.25      2591
   macro avg       0.26      0.21      0.17      2591
weighted avg       0.27      0.25      0.20      2591

2025-12-14 19:29:25 | INFO     | 
============================================================
2025-12-14 19:29:25 | INFO     | PER-SAMPLE ANALYSIS: Gradient Boosting
2025-12-14 19:29:25 | INFO     | ============================================================
2025-12-14 19:29:25 | INFO     | 
Total samples: 2591
2025-12-14 19:29:25 | INFO     | Correct predictions: 656 (25.3%)
2025-12-14 19:29:25 | INFO     | Average error: 1.117
2025-12-14 19:29:25 | INFO     | Max error: 4
2025-12-14 19:29:25 | INFO     | 
Error Distribution:
2025-12-14 19:29:25 | INFO     |   Error 0: 656 samples (25.3%)
2025-12-14 19:29:25 | INFO     |   Error 1: 1199 samples (46.3%)
2025-12-14 19:29:25 | INFO     |   Error 2: 514 samples (19.8%)
2025-12-14 19:29:25 | INFO     |   Error 3: 221 samples (8.5%)
2025-12-14 19:29:25 | INFO     |   Error 4: 1 samples (0.0%)
2025-12-14 19:29:25 | INFO     | 
Accuracy by True Label:
2025-12-14 19:29:25 | INFO     |   Label 1: 1.6% (2/123)
2025-12-14 19:29:25 | INFO     |   Label 2: 28.5% (95/333)
2025-12-14 19:29:25 | INFO     |   Label 3: 16.4% (97/591)
2025-12-14 19:29:25 | INFO     |   Label 4: 55.1% (446/810)
2025-12-14 19:29:25 | INFO     |   Label 5: 2.2% (16/734)
2025-12-14 19:29:25 | INFO     | 
Most Common Confusions (True -> Predicted):
2025-12-14 19:29:25 | INFO     |   5 -> 4: 498 times
2025-12-14 19:29:25 | INFO     |   3 -> 4: 334 times
2025-12-14 19:29:25 | INFO     |   4 -> 2: 231 times
2025-12-14 19:29:25 | INFO     |   2 -> 4: 188 times
2025-12-14 19:29:25 | INFO     |   5 -> 2: 151 times
2025-12-14 19:29:25 | INFO     |   3 -> 2: 144 times
2025-12-14 19:29:25 | INFO     |   4 -> 3: 107 times
2025-12-14 19:29:25 | INFO     |   5 -> 3: 68 times
2025-12-14 19:29:25 | INFO     |   1 -> 4: 66 times
2025-12-14 19:29:25 | INFO     |   2 -> 3: 47 times
2025-12-14 19:29:25 | INFO     | 
============================================================
2025-12-14 19:29:25 | INFO     | PER-LABEL METRICS: Gradient Boosting
2025-12-14 19:29:25 | INFO     | ============================================================
2025-12-14 19:29:25 | INFO     | 
2025-12-14 19:29:25 | INFO     | Label    Precision    Recall       F1           Support   
2025-12-14 19:29:25 | INFO     | ------------------------------------------------------------
2025-12-14 19:29:25 | INFO     | 1        0.286        0.016        0.031        123       
2025-12-14 19:29:25 | INFO     | 2        0.143        0.285        0.190        333       
2025-12-14 19:29:25 | INFO     | 3        0.294        0.164        0.211        591       
2025-12-14 19:29:25 | INFO     | 4        0.291        0.551        0.381        810       
2025-12-14 19:29:25 | INFO     | 5        0.281        0.022        0.040        734       
2025-12-14 19:29:25 | INFO     | 
2025-12-14 19:29:25 | INFO     | Macro Avg 0.259        0.208        0.171       
2025-12-14 19:29:25 | INFO     | Weighted 0.270        0.253        0.205       
2025-12-14 19:29:25 | INFO     | 
============================================================
2025-12-14 19:29:25 | INFO     | ERROR ANALYSIS BY TRUE LABEL
2025-12-14 19:29:25 | INFO     | ============================================================
2025-12-14 19:29:25 | INFO     | 
True Label = 1 (123 samples):
2025-12-14 19:29:25 | INFO     |   Correct: 2 (1.6%)
2025-12-14 19:29:25 | INFO     |   Avg Error: 2.15
2025-12-14 19:29:25 | INFO     |   Most Common Mistakes:
2025-12-14 19:29:25 | INFO     |     Predicted as 4: 66 times
2025-12-14 19:29:25 | INFO     |     Predicted as 2: 44 times
2025-12-14 19:29:25 | INFO     |     Predicted as 3: 11 times
2025-12-14 19:29:25 | INFO     | 
True Label = 2 (333 samples):
2025-12-14 19:29:25 | INFO     |   Correct: 95 (28.5%)
2025-12-14 19:29:25 | INFO     |   Avg Error: 1.29
2025-12-14 19:29:25 | INFO     |   Most Common Mistakes:
2025-12-14 19:29:25 | INFO     |     Predicted as 4: 188 times
2025-12-14 19:29:25 | INFO     |     Predicted as 3: 47 times
2025-12-14 19:29:25 | INFO     |     Predicted as 5: 2 times
2025-12-14 19:29:25 | INFO     | 
True Label = 3 (591 samples):
2025-12-14 19:29:25 | INFO     |   Correct: 97 (16.4%)
2025-12-14 19:29:25 | INFO     |   Avg Error: 0.86
2025-12-14 19:29:25 | INFO     |   Most Common Mistakes:
2025-12-14 19:29:25 | INFO     |     Predicted as 4: 334 times
2025-12-14 19:29:25 | INFO     |     Predicted as 2: 144 times
2025-12-14 19:29:25 | INFO     |     Predicted as 5: 15 times
2025-12-14 19:29:25 | INFO     | 
True Label = 4 (810 samples):
2025-12-14 19:29:25 | INFO     |   Correct: 446 (55.1%)
2025-12-14 19:29:25 | INFO     |   Avg Error: 0.74
2025-12-14 19:29:25 | INFO     |   Most Common Mistakes:
2025-12-14 19:29:25 | INFO     |     Predicted as 2: 231 times
2025-12-14 19:29:25 | INFO     |     Predicted as 3: 107 times
2025-12-14 19:29:25 | INFO     |     Predicted as 5: 24 times
2025-12-14 19:29:25 | INFO     | 
True Label = 5 (734 samples):
2025-12-14 19:29:25 | INFO     |   Correct: 16 (2.2%)
2025-12-14 19:29:25 | INFO     |   Avg Error: 1.49
2025-12-14 19:29:25 | INFO     |   Most Common Mistakes:
2025-12-14 19:29:25 | INFO     |     Predicted as 4: 498 times
2025-12-14 19:29:25 | INFO     |     Predicted as 2: 151 times
2025-12-14 19:29:25 | INFO     |     Predicted as 3: 68 times
2025-12-14 19:29:25 | INFO     | 
============================================================
2025-12-14 19:29:25 | INFO     | TOP 10 HARDEST SAMPLES (Largest Errors)
2025-12-14 19:29:25 | INFO     | ============================================================
2025-12-14 19:29:25 | INFO     | 544. True=5, Pred=1, Error=4, Conf: 0.688 | 1.8. A Korm. rendelet szerinti előzetes tájékoztatás
2025-12-14 19:29:25 | INFO     | 10. True=5, Pred=2, Error=3, Conf: 0.724 | 2. Az ügylettel összefüggő egymáshoz intézett kérdésekre kötelesek legkésőbb 30 ...
2025-12-14 19:29:25 | INFO     | 14. True=1, Pred=4, Error=3, Conf: 0.652 | 8. Az OTP Bank Nyrt. nem Magyarország területén, illetve nem Magyarország joghat...
2025-12-14 19:29:25 | INFO     | 67. True=1, Pred=4, Error=3, Conf: 0.681 | 8. Az OTP Bank Nyrt. a nem Magyarország területén, és nem Magyarország joghatósá...
2025-12-14 19:29:25 | INFO     | 70. True=5, Pred=2, Error=3, Conf: 0.724 | 2. Az ügylettel összefüggő egymáshoz intézett kérdésekre kötelesek legkésőbb 30 ...
2025-12-14 19:29:25 | INFO     | 80. True=5, Pred=2, Error=3, Conf: 0.875 | 23.1 Az Ügyfél kijelenti, hogy ismeri és betartja az OTP Bankcsoport Szankciós P...
2025-12-14 19:29:25 | INFO     | 97. True=1, Pred=4, Error=3, Conf: 0.921 | 12. A XII. 10. a) és c) pontjától eltérően az OBA által nyújtott biztosítás kite...
2025-12-14 19:29:25 | INFO     | 101. True=5, Pred=2, Error=3, Conf: 0.543 | Jelen Fogyasztói ÁSZF csak a fogyasztónak minősülő vásárlókra vonatkozik. Fogyas...
2025-12-14 19:29:25 | INFO     | 120. True=5, Pred=2, Error=3, Conf: 0.743 | Hibás teljesítés esetén a Fogyasztó legerősebb joga a jogszabályon alapuló kötel...
2025-12-14 19:29:25 | INFO     | 195. True=5, Pred=2, Error=3, Conf: 0.912 | Szolgáltató kötelezettséget vállal arra, hogy Intézmény működésével kapcsolatban...
2025-12-14 19:29:25 | INFO     | 
============================================================
2025-12-14 19:29:25 | INFO     | TOP 5 CONFIDENT MISTAKES (High Confidence, Wrong)
2025-12-14 19:29:25 | INFO     | ============================================================
2025-12-14 19:29:25 | INFO     | 244. True=5, Pred=4, Conf=0.991 | JOGELLENES TARTALOM: bármely olyan információ, amely önmagában vagy egy tevékeny...
2025-12-14 19:29:25 | INFO     | 52. True=2, Pred=4, Conf=0.990 | 3.5 A Bank az e-bank azonosító kártyához PIN kódot mellékel, amelyet az Ügyfél z...
2025-12-14 19:29:25 | INFO     | 642. True=2, Pred=4, Conf=0.990 | 3.5 A Bank az e-bank azonosító kártyához PIN kódot mellékel, amelyet az Ügyfél z...
2025-12-14 19:29:25 | INFO     | 988. True=2, Pred=4, Conf=0.990 | 3.5 A Bank az e-bank azonosító kártyához PIN kódot mellékel, amelyet az Ügyfél z...
2025-12-14 19:29:25 | INFO     | 1226. True=3, Pred=4, Conf=0.990 | 3.5 A Bank az e-bank azonosító kártyához PIN kódot mellékel, amelyet az Ügyfél z...
2025-12-14 19:29:25 | INFO     | 

============================================================
2025-12-14 19:29:25 | INFO     | MODEL COMPARISON SUMMARY
2025-12-14 19:29:25 | INFO     | ============================================================
2025-12-14 19:29:25 | INFO     | 
Model                  Accuracy   F1 Macro  F1 Weighted      MAE    Kappa
2025-12-14 19:29:25 | INFO     | ---------------------------------------------------------------------------
2025-12-14 19:29:25 | INFO     | Baseline                 0.2420     0.1858       0.1981   1.1949   0.0114
2025-12-14 19:29:25 | INFO     | Xgboost                  0.3088     0.1109       0.1589   0.9078   0.0020
2025-12-14 19:29:25 | INFO     | Random Forest            0.2771     0.1668       0.1933   1.0810   0.0115
2025-12-14 19:29:25 | INFO     | Gradient Boosting        0.2532     0.1706       0.2045   1.1169  -0.0001
2025-12-14 19:29:25 | INFO     | 
Best model (by F1 Macro): baseline (0.1858)
2025-12-14 19:29:25 | INFO     |   xgboost: [-] Below baseline (diff: -0.0749)
2025-12-14 19:29:25 | INFO     |   random_forest: [-] Below baseline (diff: -0.0190)
2025-12-14 19:29:25 | INFO     |   gradient_boosting: [-] Below baseline (diff: -0.0152)
2025-12-14 19:29:25 | INFO     | 

Generating evaluation plots...
2025-12-14 19:29:25 | INFO     | Saved confusion matrices to C:\Users\user\Documents\GitHub\Legal-Text-Decoder\models\evaluation\confusion_matrices.png
2025-12-14 19:29:26 | INFO     | Saved model comparison to C:\Users\user\Documents\GitHub\Legal-Text-Decoder\models\evaluation\model_comparison.png
2025-12-14 19:29:26 | INFO     | Saved evaluation results to C:\Users\user\Documents\GitHub\Legal-Text-Decoder\models\evaluation\evaluation_results.json
2025-12-14 19:29:26 | INFO     | Saved baseline per-sample results to C:\Users\user\Documents\GitHub\Legal-Text-Decoder\models\evaluation\baseline_per_sample_results.csv
2025-12-14 19:29:26 | INFO     | Saved xgboost per-sample results to C:\Users\user\Documents\GitHub\Legal-Text-Decoder\models\evaluation\xgboost_per_sample_results.csv
2025-12-14 19:29:26 | INFO     | Saved random_forest per-sample results to C:\Users\user\Documents\GitHub\Legal-Text-Decoder\models\evaluation\random_forest_per_sample_results.csv
2025-12-14 19:29:26 | INFO     | Saved gradient_boosting per-sample results to C:\Users\user\Documents\GitHub\Legal-Text-Decoder\models\evaluation\gradient_boosting_per_sample_results.csv
2025-12-14 19:29:26 | INFO     | 
============================================================
2025-12-14 19:29:26 | INFO     | EVALUATION COMPLETED SUCCESSFULLY
2025-12-14 19:29:26 | INFO     | ============================================================
